current directory: /home/najma/Documents/Moringa/Development/Code/Phase4/phase-4-validation-messages-and-error-handling/Documents/Moringa/De/ruby/3.2.0/gems/ffi-1.15.5/ext/ffi_c
/home/najma/.rbenv/versions/3.2.2/bin/ruby extconf.rb
checking for ffi_prep_closure_loc() in -lffi... yes
checking for ffi_prep_cif_var()... yes
checking for ffi_raw_call()... yes
checking for ffi_prep_raw_closure()... yes
checking for whether -pthread is accepted as LDFLAGS... yes
creating extconf.h
creating Makefile

current directory: /home/najma/Documents/Moringa/Development/Code/Phase4/phase-4-validation-messages-and-error-handling/Documents/Moringa/De/ruby/3.2.0/gems/ffi-1.15.5/ext/ffi_c
make DESTDIR\= sitearchdir\=./.gem.20230623-42448-bzen7u sitelibdir\=./.gem.20230623-42448-bzen7u clean

current directory: /home/najma/Documents/Moringa/Development/Code/Phase4/phase-4-validation-messages-and-error-handling/Documents/Moringa/De/ruby/3.2.0/gems/ffi-1.15.5/ext/ffi_c
make DESTDIR\= sitearchdir\=./.gem.20230623-42448-bzen7u sitelibdir\=./.gem.20230623-42448-bzen7u
compiling AbstractMemory.c
compiling ArrayType.c
compiling Buffer.c
compiling Call.c
compiling ClosurePool.c
compiling DynamicLibrary.c
compiling Function.c
compiling FunctionInfo.c
compiling LastError.c
compiling LongDouble.c
compiling MappedType.c
compiling MemoryPointer.c
compiling MethodHandle.c
compiling Platform.c
compiling Pointer.c
compiling Struct.c
compiling StructByValue.c
compiling StructLayout.c
compiling Thread.c
compiling Type.c
compiling Types.c
compiling Variadic.c
compiling ffi.c
linking shared-object ffi_c.so

current directory: /home/najma/Documents/Moringa/Development/Code/Phase4/phase-4-validation-messages-and-error-handling/Documents/Moringa/De/ruby/3.2.0/gems/ffi-1.15.5/ext/ffi_c
make DESTDIR\= sitearchdir\=./.gem.20230623-42448-bzen7u sitelibdir\=./.gem.20230623-42448-bzen7u install
/bin/install -c -m 0755 ffi_c.so ./.gem.20230623-42448-bzen7u

current directory: /home/najma/Documents/Moringa/Development/Code/Phase4/phase-4-validation-messages-and-error-handling/Documents/Moringa/De/ruby/3.2.0/gems/ffi-1.15.5/ext/ffi_c
make DESTDIR\= sitearchdir\=./.gem.20230623-42448-bzen7u sitelibdir\=./.gem.20230623-42448-bzen7u clean
